<?xml version="1.0" encoding="UTF-8"?>
<!-- Generated by org.testng.reporters.JUnitReportReporter -->
<testsuite hostname="Anees-PC" failures="0" tests="1" name="com.zurich.testcases.AdminTest" time="23.967" errors="0" timestamp="2023-04-11T22:16:07 MYT" skipped="0">
  <testcase classname="com.zurich.testcases.AdminTest" name="createAddUser" time="23.967"/>
  <system-out/>
</testsuite> <!-- com.zurich.testcases.AdminTest -->
