<?xml version="1.0" encoding="UTF-8"?>
<!-- Generated by org.testng.reporters.JUnitReportReporter -->
<testsuite hostname="Anees-PC" failures="0" tests="1" name="com.zurich.testcases.TC_AdminTestCase" time="23.090" errors="0" timestamp="2023-04-09T21:31:56 MYT" skipped="0">
  <testcase classname="com.zurich.testcases.TC_AdminTestCase" name="createAddUser" time="23.090"/>
  <system-out/>
</testsuite> <!-- com.zurich.testcases.TC_AdminTestCase -->
