<?xml version="1.0" encoding="UTF-8"?>
<!-- Generated by org.testng.reporters.JUnitReportReporter -->
<testsuite hostname="Anees-PC" failures="0" tests="1" name="com.zurich.testcases.LoginTest" time="13.434" errors="0" timestamp="2023-04-11T22:16:07 MYT" skipped="0">
  <testcase classname="com.zurich.testcases.LoginTest" name="verifySuccessfulLogin" time="13.434"/>
  <system-out/>
</testsuite> <!-- com.zurich.testcases.LoginTest -->
