<?xml version="1.0" encoding="UTF-8"?>
<!-- Generated by org.testng.reporters.JUnitReportReporter -->
<testsuite hostname="Anees-PC" failures="0" tests="1" name="com.zurich.testcases.TC_LoginTestCase" time="7.192" errors="0" timestamp="2023-04-09T20:59:14 MYT" skipped="0">
  <testcase classname="com.zurich.testcases.TC_LoginTestCase" name="loginTest" time="7.192"/>
  <system-out/>
</testsuite> <!-- com.zurich.testcases.TC_LoginTestCase -->
